[2018-12-18 10:21:36] INFO [utils.config_log:23] 程序启动......
[2018-12-18 10:21:36] INFO [utils.config_log:25] 读取配置(mztj.ini)文件成功
[2018-12-18 10:21:36] INFO [utils.config_log:27] 读取配置(parse.ini)文件成功
[2018-12-18 10:21:36] INFO [utils.config_log:29] 读取配置(custom.ini)文件成功
[2018-12-18 10:21:36] INFO [utils.config_log:31] 读取配置(version.ini)文件成功
[2018-12-18 10:21:36] INFO [utils.config_log:33] 读取配置(database.ini)文件成功
[2018-12-18 10:21:37] INFO [macropy.core.import_hooks:97] Expand macros in C:\Python35-32\lib\site-packages\macropy\core\hquotes.py
[2018-12-18 10:21:37] INFO [macropy.core.macros:589] Finding macros in 'macropy.core.hquotes'
[2018-12-18 10:21:37] INFO [macropy.core.macros:602] Importing macros from 'macropy.core.quotes' into 'macropy.core.hquotes'
[2018-12-18 10:21:37] INFO [macropy.core.import_hooks:97] Expand macros in C:\Python35-32\lib\site-packages\macropy\core\quotes.py
[2018-12-18 10:21:37] INFO [macropy.core.macros:589] Finding macros in 'macropy.core.quotes'
[2018-12-18 10:21:37] INFO [macropy.core.import_hooks:97] Expand macros in C:\Python35-32\lib\site-packages\macropy\core\failure.py
[2018-12-18 10:21:37] INFO [macropy.core.macros:589] Finding macros in 'macropy.core.failure'
[2018-12-18 10:21:37] INFO [macropy.core.macros:602] Importing macros from 'macropy.core.hquotes' into 'macropy.core.failure'
[2018-12-18 10:21:41] INFO [utils.config_log:191] 写入配置(custom.ini)文件成功
[2018-12-18 10:21:41] INFO [utils.config_log:192] 用户：管理员(BSSA) 登陆成功！
[2018-12-18 10:23:42] INFO [utils.config_log:224] 用户：管理员(BSSA) 退出成功！
[2018-12-18 10:23:46] INFO [utils.config_log:23] 程序启动......
[2018-12-18 10:23:46] INFO [utils.config_log:25] 读取配置(mztj.ini)文件成功
[2018-12-18 10:23:46] INFO [utils.config_log:27] 读取配置(parse.ini)文件成功
[2018-12-18 10:23:46] INFO [utils.config_log:29] 读取配置(custom.ini)文件成功
[2018-12-18 10:23:46] INFO [utils.config_log:31] 读取配置(version.ini)文件成功
[2018-12-18 10:23:46] INFO [utils.config_log:33] 读取配置(database.ini)文件成功
[2018-12-18 10:23:47] INFO [macropy.core.import_hooks:97] Expand macros in C:\Python35-32\lib\site-packages\macropy\core\hquotes.py
[2018-12-18 10:23:47] INFO [macropy.core.macros:589] Finding macros in 'macropy.core.hquotes'
[2018-12-18 10:23:47] INFO [macropy.core.macros:602] Importing macros from 'macropy.core.quotes' into 'macropy.core.hquotes'
[2018-12-18 10:23:47] INFO [macropy.core.import_hooks:97] Expand macros in C:\Python35-32\lib\site-packages\macropy\core\quotes.py
[2018-12-18 10:23:47] INFO [macropy.core.macros:589] Finding macros in 'macropy.core.quotes'
[2018-12-18 10:23:47] INFO [macropy.core.import_hooks:97] Expand macros in C:\Python35-32\lib\site-packages\macropy\core\failure.py
[2018-12-18 10:23:47] INFO [macropy.core.macros:589] Finding macros in 'macropy.core.failure'
[2018-12-18 10:23:47] INFO [macropy.core.macros:602] Importing macros from 'macropy.core.hquotes' into 'macropy.core.failure'
[2018-12-18 10:23:56] INFO [utils.config_log:191] 写入配置(custom.ini)文件成功
[2018-12-18 10:23:56] INFO [utils.config_log:192] 用户：管理员(BSSA) 登陆成功！
[2018-12-18 10:27:18] INFO [utils.config_log:23] 程序启动......
[2018-12-18 10:27:18] INFO [utils.config_log:25] 读取配置(mztj.ini)文件成功
[2018-12-18 10:27:18] INFO [utils.config_log:27] 读取配置(parse.ini)文件成功
[2018-12-18 10:27:18] INFO [utils.config_log:29] 读取配置(custom.ini)文件成功
[2018-12-18 10:27:18] INFO [utils.config_log:31] 读取配置(version.ini)文件成功
[2018-12-18 10:27:18] INFO [utils.config_log:33] 读取配置(database.ini)文件成功
[2018-12-18 10:27:19] INFO [macropy.core.import_hooks:97] Expand macros in C:\Python35-32\lib\site-packages\macropy\core\hquotes.py
[2018-12-18 10:27:19] INFO [macropy.core.macros:589] Finding macros in 'macropy.core.hquotes'
[2018-12-18 10:27:19] INFO [macropy.core.macros:602] Importing macros from 'macropy.core.quotes' into 'macropy.core.hquotes'
[2018-12-18 10:27:19] INFO [macropy.core.import_hooks:97] Expand macros in C:\Python35-32\lib\site-packages\macropy\core\quotes.py
[2018-12-18 10:27:19] INFO [macropy.core.macros:589] Finding macros in 'macropy.core.quotes'
[2018-12-18 10:27:19] INFO [macropy.core.import_hooks:97] Expand macros in C:\Python35-32\lib\site-packages\macropy\core\failure.py
[2018-12-18 10:27:19] INFO [macropy.core.macros:589] Finding macros in 'macropy.core.failure'
[2018-12-18 10:27:19] INFO [macropy.core.macros:602] Importing macros from 'macropy.core.hquotes' into 'macropy.core.failure'
[2018-12-18 10:27:22] INFO [utils.config_log:191] 写入配置(custom.ini)文件成功
[2018-12-18 10:27:22] INFO [utils.config_log:192] 用户：管理员(BSSA) 登陆成功！
[2018-12-18 10:28:10] INFO [utils.config_log:224] 用户：管理员(BSSA) 退出成功！
[2018-12-18 10:28:13] INFO [utils.config_log:23] 程序启动......
[2018-12-18 10:28:13] INFO [utils.config_log:25] 读取配置(mztj.ini)文件成功
[2018-12-18 10:28:13] INFO [utils.config_log:27] 读取配置(parse.ini)文件成功
[2018-12-18 10:28:13] INFO [utils.config_log:29] 读取配置(custom.ini)文件成功
[2018-12-18 10:28:13] INFO [utils.config_log:31] 读取配置(version.ini)文件成功
[2018-12-18 10:28:13] INFO [utils.config_log:33] 读取配置(database.ini)文件成功
[2018-12-18 10:28:14] INFO [macropy.core.import_hooks:97] Expand macros in C:\Python35-32\lib\site-packages\macropy\core\hquotes.py
[2018-12-18 10:28:14] INFO [macropy.core.macros:589] Finding macros in 'macropy.core.hquotes'
[2018-12-18 10:28:14] INFO [macropy.core.macros:602] Importing macros from 'macropy.core.quotes' into 'macropy.core.hquotes'
[2018-12-18 10:28:14] INFO [macropy.core.import_hooks:97] Expand macros in C:\Python35-32\lib\site-packages\macropy\core\quotes.py
[2018-12-18 10:28:14] INFO [macropy.core.macros:589] Finding macros in 'macropy.core.quotes'
[2018-12-18 10:28:14] INFO [macropy.core.import_hooks:97] Expand macros in C:\Python35-32\lib\site-packages\macropy\core\failure.py
[2018-12-18 10:28:14] INFO [macropy.core.macros:589] Finding macros in 'macropy.core.failure'
[2018-12-18 10:28:14] INFO [macropy.core.macros:602] Importing macros from 'macropy.core.hquotes' into 'macropy.core.failure'
[2018-12-18 10:28:17] INFO [utils.config_log:191] 写入配置(custom.ini)文件成功
[2018-12-18 10:28:17] INFO [utils.config_log:192] 用户：管理员(BSSA) 登陆成功！
[2018-12-18 10:35:31] INFO [utils.config_log:224] 用户：管理员(BSSA) 退出成功！
[2018-12-18 10:35:34] INFO [utils.config_log:23] 程序启动......
[2018-12-18 10:35:34] INFO [utils.config_log:25] 读取配置(mztj.ini)文件成功
[2018-12-18 10:35:34] INFO [utils.config_log:27] 读取配置(parse.ini)文件成功
[2018-12-18 10:35:34] INFO [utils.config_log:29] 读取配置(custom.ini)文件成功
[2018-12-18 10:35:34] INFO [utils.config_log:31] 读取配置(version.ini)文件成功
[2018-12-18 10:35:34] INFO [utils.config_log:33] 读取配置(database.ini)文件成功
[2018-12-18 10:35:35] INFO [macropy.core.import_hooks:97] Expand macros in C:\Python35-32\lib\site-packages\macropy\core\hquotes.py
[2018-12-18 10:35:35] INFO [macropy.core.macros:589] Finding macros in 'macropy.core.hquotes'
[2018-12-18 10:35:35] INFO [macropy.core.macros:602] Importing macros from 'macropy.core.quotes' into 'macropy.core.hquotes'
[2018-12-18 10:35:35] INFO [macropy.core.import_hooks:97] Expand macros in C:\Python35-32\lib\site-packages\macropy\core\quotes.py
[2018-12-18 10:35:35] INFO [macropy.core.macros:589] Finding macros in 'macropy.core.quotes'
[2018-12-18 10:35:35] INFO [macropy.core.import_hooks:97] Expand macros in C:\Python35-32\lib\site-packages\macropy\core\failure.py
[2018-12-18 10:35:35] INFO [macropy.core.macros:589] Finding macros in 'macropy.core.failure'
[2018-12-18 10:35:35] INFO [macropy.core.macros:602] Importing macros from 'macropy.core.hquotes' into 'macropy.core.failure'
[2018-12-18 10:35:39] INFO [utils.config_log:191] 写入配置(custom.ini)文件成功
[2018-12-18 10:35:39] INFO [utils.config_log:192] 用户：管理员(BSSA) 登陆成功！
[2018-12-18 10:38:34] INFO [utils.config_log:224] 用户：管理员(BSSA) 退出成功！
[2018-12-18 10:38:38] INFO [utils.config_log:23] 程序启动......
[2018-12-18 10:38:38] INFO [utils.config_log:25] 读取配置(mztj.ini)文件成功
[2018-12-18 10:38:38] INFO [utils.config_log:27] 读取配置(parse.ini)文件成功
[2018-12-18 10:38:38] INFO [utils.config_log:29] 读取配置(custom.ini)文件成功
[2018-12-18 10:38:38] INFO [utils.config_log:31] 读取配置(version.ini)文件成功
[2018-12-18 10:38:38] INFO [utils.config_log:33] 读取配置(database.ini)文件成功
[2018-12-18 10:38:38] INFO [macropy.core.import_hooks:97] Expand macros in C:\Python35-32\lib\site-packages\macropy\core\hquotes.py
[2018-12-18 10:38:38] INFO [macropy.core.macros:589] Finding macros in 'macropy.core.hquotes'
[2018-12-18 10:38:38] INFO [macropy.core.macros:602] Importing macros from 'macropy.core.quotes' into 'macropy.core.hquotes'
[2018-12-18 10:38:39] INFO [macropy.core.import_hooks:97] Expand macros in C:\Python35-32\lib\site-packages\macropy\core\quotes.py
[2018-12-18 10:38:39] INFO [macropy.core.macros:589] Finding macros in 'macropy.core.quotes'
[2018-12-18 10:38:39] INFO [macropy.core.import_hooks:97] Expand macros in C:\Python35-32\lib\site-packages\macropy\core\failure.py
[2018-12-18 10:38:39] INFO [macropy.core.macros:589] Finding macros in 'macropy.core.failure'
[2018-12-18 10:38:39] INFO [macropy.core.macros:602] Importing macros from 'macropy.core.hquotes' into 'macropy.core.failure'
[2018-12-18 10:38:42] INFO [utils.config_log:191] 写入配置(custom.ini)文件成功
[2018-12-18 10:38:42] INFO [utils.config_log:192] 用户：管理员(BSSA) 登陆成功！
[2018-12-18 10:46:02] INFO [utils.config_log:224] 用户：管理员(BSSA) 退出成功！
[2018-12-18 10:46:05] INFO [utils.config_log:23] 程序启动......
[2018-12-18 10:46:05] INFO [utils.config_log:25] 读取配置(mztj.ini)文件成功
[2018-12-18 10:46:05] INFO [utils.config_log:27] 读取配置(parse.ini)文件成功
[2018-12-18 10:46:05] INFO [utils.config_log:29] 读取配置(custom.ini)文件成功
[2018-12-18 10:46:05] INFO [utils.config_log:31] 读取配置(version.ini)文件成功
[2018-12-18 10:46:05] INFO [utils.config_log:33] 读取配置(database.ini)文件成功
[2018-12-18 10:46:06] INFO [macropy.core.import_hooks:97] Expand macros in C:\Python35-32\lib\site-packages\macropy\core\hquotes.py
[2018-12-18 10:46:06] INFO [macropy.core.macros:589] Finding macros in 'macropy.core.hquotes'
[2018-12-18 10:46:06] INFO [macropy.core.macros:602] Importing macros from 'macropy.core.quotes' into 'macropy.core.hquotes'
[2018-12-18 10:46:06] INFO [macropy.core.import_hooks:97] Expand macros in C:\Python35-32\lib\site-packages\macropy\core\quotes.py
[2018-12-18 10:46:06] INFO [macropy.core.macros:589] Finding macros in 'macropy.core.quotes'
[2018-12-18 10:46:06] INFO [macropy.core.import_hooks:97] Expand macros in C:\Python35-32\lib\site-packages\macropy\core\failure.py
[2018-12-18 10:46:06] INFO [macropy.core.macros:589] Finding macros in 'macropy.core.failure'
[2018-12-18 10:46:06] INFO [macropy.core.macros:602] Importing macros from 'macropy.core.hquotes' into 'macropy.core.failure'
[2018-12-18 10:46:09] INFO [utils.config_log:191] 写入配置(custom.ini)文件成功
[2018-12-18 10:46:09] INFO [utils.config_log:192] 用户：管理员(BSSA) 登陆成功！
[2018-12-18 10:47:08] INFO [utils.config_log:224] 用户：管理员(BSSA) 退出成功！
[2018-12-18 10:47:11] INFO [utils.config_log:23] 程序启动......
[2018-12-18 10:47:11] INFO [utils.config_log:25] 读取配置(mztj.ini)文件成功
[2018-12-18 10:47:11] INFO [utils.config_log:27] 读取配置(parse.ini)文件成功
[2018-12-18 10:47:11] INFO [utils.config_log:29] 读取配置(custom.ini)文件成功
[2018-12-18 10:47:11] INFO [utils.config_log:31] 读取配置(version.ini)文件成功
[2018-12-18 10:47:11] INFO [utils.config_log:33] 读取配置(database.ini)文件成功
[2018-12-18 10:47:12] INFO [macropy.core.import_hooks:97] Expand macros in C:\Python35-32\lib\site-packages\macropy\core\hquotes.py
[2018-12-18 10:47:12] INFO [macropy.core.macros:589] Finding macros in 'macropy.core.hquotes'
[2018-12-18 10:47:12] INFO [macropy.core.macros:602] Importing macros from 'macropy.core.quotes' into 'macropy.core.hquotes'
[2018-12-18 10:47:12] INFO [macropy.core.import_hooks:97] Expand macros in C:\Python35-32\lib\site-packages\macropy\core\quotes.py
[2018-12-18 10:47:12] INFO [macropy.core.macros:589] Finding macros in 'macropy.core.quotes'
[2018-12-18 10:47:12] INFO [macropy.core.import_hooks:97] Expand macros in C:\Python35-32\lib\site-packages\macropy\core\failure.py
[2018-12-18 10:47:12] INFO [macropy.core.macros:589] Finding macros in 'macropy.core.failure'
[2018-12-18 10:47:12] INFO [macropy.core.macros:602] Importing macros from 'macropy.core.hquotes' into 'macropy.core.failure'
[2018-12-18 10:47:15] INFO [utils.config_log:191] 写入配置(custom.ini)文件成功
[2018-12-18 10:47:15] INFO [utils.config_log:192] 用户：管理员(BSSA) 登陆成功！
[2018-12-18 10:48:55] INFO [utils.config_log:224] 用户：管理员(BSSA) 退出成功！
[2018-12-18 10:48:58] INFO [utils.config_log:23] 程序启动......
[2018-12-18 10:48:58] INFO [utils.config_log:25] 读取配置(mztj.ini)文件成功
[2018-12-18 10:48:58] INFO [utils.config_log:27] 读取配置(parse.ini)文件成功
[2018-12-18 10:48:58] INFO [utils.config_log:29] 读取配置(custom.ini)文件成功
[2018-12-18 10:48:58] INFO [utils.config_log:31] 读取配置(version.ini)文件成功
[2018-12-18 10:48:58] INFO [utils.config_log:33] 读取配置(database.ini)文件成功
[2018-12-18 10:48:59] INFO [macropy.core.import_hooks:97] Expand macros in C:\Python35-32\lib\site-packages\macropy\core\hquotes.py
[2018-12-18 10:48:59] INFO [macropy.core.macros:589] Finding macros in 'macropy.core.hquotes'
[2018-12-18 10:48:59] INFO [macropy.core.macros:602] Importing macros from 'macropy.core.quotes' into 'macropy.core.hquotes'
[2018-12-18 10:48:59] INFO [macropy.core.import_hooks:97] Expand macros in C:\Python35-32\lib\site-packages\macropy\core\quotes.py
[2018-12-18 10:48:59] INFO [macropy.core.macros:589] Finding macros in 'macropy.core.quotes'
[2018-12-18 10:48:59] INFO [macropy.core.import_hooks:97] Expand macros in C:\Python35-32\lib\site-packages\macropy\core\failure.py
[2018-12-18 10:48:59] INFO [macropy.core.macros:589] Finding macros in 'macropy.core.failure'
[2018-12-18 10:48:59] INFO [macropy.core.macros:602] Importing macros from 'macropy.core.hquotes' into 'macropy.core.failure'
[2018-12-18 10:49:02] INFO [utils.config_log:191] 写入配置(custom.ini)文件成功
[2018-12-18 10:49:02] INFO [utils.config_log:192] 用户：管理员(BSSA) 登陆成功！
[2018-12-18 11:12:45] INFO [utils.config_log:23] 程序启动......
[2018-12-18 11:12:45] INFO [utils.config_log:25] 读取配置(mztj.ini)文件成功
[2018-12-18 11:12:45] INFO [utils.config_log:27] 读取配置(parse.ini)文件成功
[2018-12-18 11:12:45] INFO [utils.config_log:29] 读取配置(custom.ini)文件成功
[2018-12-18 11:12:45] INFO [utils.config_log:31] 读取配置(version.ini)文件成功
[2018-12-18 11:12:45] INFO [utils.config_log:33] 读取配置(database.ini)文件成功
[2018-12-18 11:12:46] INFO [macropy.core.import_hooks:97] Expand macros in C:\Python35-32\lib\site-packages\macropy\core\hquotes.py
[2018-12-18 11:12:46] INFO [macropy.core.macros:589] Finding macros in 'macropy.core.hquotes'
[2018-12-18 11:12:46] INFO [macropy.core.macros:602] Importing macros from 'macropy.core.quotes' into 'macropy.core.hquotes'
[2018-12-18 11:12:46] INFO [macropy.core.import_hooks:97] Expand macros in C:\Python35-32\lib\site-packages\macropy\core\quotes.py
[2018-12-18 11:12:46] INFO [macropy.core.macros:589] Finding macros in 'macropy.core.quotes'
[2018-12-18 11:12:46] INFO [macropy.core.import_hooks:97] Expand macros in C:\Python35-32\lib\site-packages\macropy\core\failure.py
[2018-12-18 11:12:46] INFO [macropy.core.macros:589] Finding macros in 'macropy.core.failure'
[2018-12-18 11:12:46] INFO [macropy.core.macros:602] Importing macros from 'macropy.core.hquotes' into 'macropy.core.failure'
[2018-12-18 11:12:49] INFO [utils.config_log:191] 写入配置(custom.ini)文件成功
[2018-12-18 11:12:49] INFO [utils.config_log:192] 用户：管理员(BSSA) 登陆成功！
[2018-12-18 11:20:58] INFO [utils.config_log:224] 用户：管理员(BSSA) 退出成功！
[2018-12-18 11:21:02] INFO [utils.config_log:23] 程序启动......
[2018-12-18 11:21:02] INFO [utils.config_log:25] 读取配置(mztj.ini)文件成功
[2018-12-18 11:21:02] INFO [utils.config_log:27] 读取配置(parse.ini)文件成功
[2018-12-18 11:21:02] INFO [utils.config_log:29] 读取配置(custom.ini)文件成功
[2018-12-18 11:21:02] INFO [utils.config_log:31] 读取配置(version.ini)文件成功
[2018-12-18 11:21:02] INFO [utils.config_log:33] 读取配置(database.ini)文件成功
[2018-12-18 11:21:03] INFO [macropy.core.import_hooks:97] Expand macros in C:\Python35-32\lib\site-packages\macropy\core\hquotes.py
[2018-12-18 11:21:03] INFO [macropy.core.macros:589] Finding macros in 'macropy.core.hquotes'
[2018-12-18 11:21:03] INFO [macropy.core.macros:602] Importing macros from 'macropy.core.quotes' into 'macropy.core.hquotes'
[2018-12-18 11:21:03] INFO [macropy.core.import_hooks:97] Expand macros in C:\Python35-32\lib\site-packages\macropy\core\quotes.py
[2018-12-18 11:21:03] INFO [macropy.core.macros:589] Finding macros in 'macropy.core.quotes'
[2018-12-18 11:21:03] INFO [macropy.core.import_hooks:97] Expand macros in C:\Python35-32\lib\site-packages\macropy\core\failure.py
[2018-12-18 11:21:03] INFO [macropy.core.macros:589] Finding macros in 'macropy.core.failure'
[2018-12-18 11:21:03] INFO [macropy.core.macros:602] Importing macros from 'macropy.core.hquotes' into 'macropy.core.failure'
[2018-12-18 11:21:07] INFO [utils.config_log:191] 写入配置(custom.ini)文件成功
[2018-12-18 11:21:07] INFO [utils.config_log:192] 用户：管理员(BSSA) 登陆成功！
[2018-12-18 11:22:11] INFO [utils.config_log:224] 用户：管理员(BSSA) 退出成功！
[2018-12-18 11:23:19] INFO [utils.config_log:23] 程序启动......
[2018-12-18 11:23:19] INFO [utils.config_log:25] 读取配置(mztj.ini)文件成功
[2018-12-18 11:23:19] INFO [utils.config_log:27] 读取配置(parse.ini)文件成功
[2018-12-18 11:23:19] INFO [utils.config_log:29] 读取配置(custom.ini)文件成功
[2018-12-18 11:23:20] INFO [utils.config_log:31] 读取配置(version.ini)文件成功
[2018-12-18 11:23:20] INFO [utils.config_log:33] 读取配置(database.ini)文件成功
[2018-12-18 11:23:20] INFO [macropy.core.import_hooks:97] Expand macros in C:\Python35-32\lib\site-packages\macropy\core\hquotes.py
[2018-12-18 11:23:20] INFO [macropy.core.macros:589] Finding macros in 'macropy.core.hquotes'
[2018-12-18 11:23:20] INFO [macropy.core.macros:602] Importing macros from 'macropy.core.quotes' into 'macropy.core.hquotes'
[2018-12-18 11:23:20] INFO [macropy.core.import_hooks:97] Expand macros in C:\Python35-32\lib\site-packages\macropy\core\quotes.py
[2018-12-18 11:23:20] INFO [macropy.core.macros:589] Finding macros in 'macropy.core.quotes'
[2018-12-18 11:23:20] INFO [macropy.core.import_hooks:97] Expand macros in C:\Python35-32\lib\site-packages\macropy\core\failure.py
[2018-12-18 11:23:20] INFO [macropy.core.macros:589] Finding macros in 'macropy.core.failure'
[2018-12-18 11:23:20] INFO [macropy.core.macros:602] Importing macros from 'macropy.core.hquotes' into 'macropy.core.failure'
[2018-12-18 11:23:24] INFO [utils.config_log:191] 写入配置(custom.ini)文件成功
[2018-12-18 11:23:24] INFO [utils.config_log:192] 用户：管理员(BSSA) 登陆成功！
[2018-12-18 11:23:46] INFO [utils.config_log:23] 程序启动......
[2018-12-18 11:23:46] INFO [utils.config_log:25] 读取配置(mztj.ini)文件成功
[2018-12-18 11:23:46] INFO [utils.config_log:27] 读取配置(parse.ini)文件成功
[2018-12-18 11:23:46] INFO [utils.config_log:29] 读取配置(custom.ini)文件成功
[2018-12-18 11:23:46] INFO [utils.config_log:31] 读取配置(version.ini)文件成功
[2018-12-18 11:23:46] INFO [utils.config_log:33] 读取配置(database.ini)文件成功
[2018-12-18 11:23:47] INFO [macropy.core.import_hooks:97] Expand macros in C:\Python35-32\lib\site-packages\macropy\core\hquotes.py
[2018-12-18 11:23:47] INFO [macropy.core.macros:589] Finding macros in 'macropy.core.hquotes'
[2018-12-18 11:23:47] INFO [macropy.core.macros:602] Importing macros from 'macropy.core.quotes' into 'macropy.core.hquotes'
[2018-12-18 11:23:47] INFO [macropy.core.import_hooks:97] Expand macros in C:\Python35-32\lib\site-packages\macropy\core\quotes.py
[2018-12-18 11:23:47] INFO [macropy.core.macros:589] Finding macros in 'macropy.core.quotes'
[2018-12-18 11:23:47] INFO [macropy.core.import_hooks:97] Expand macros in C:\Python35-32\lib\site-packages\macropy\core\failure.py
[2018-12-18 11:23:47] INFO [macropy.core.macros:589] Finding macros in 'macropy.core.failure'
[2018-12-18 11:23:47] INFO [macropy.core.macros:602] Importing macros from 'macropy.core.hquotes' into 'macropy.core.failure'
[2018-12-18 11:23:51] INFO [utils.config_log:191] 写入配置(custom.ini)文件成功
[2018-12-18 11:23:51] INFO [utils.config_log:192] 用户：管理员(BSSA) 登陆成功！
[2018-12-18 11:25:32] INFO [utils.config_log:224] 用户：管理员(BSSA) 退出成功！
[2018-12-18 11:25:39] INFO [utils.config_log:23] 程序启动......
[2018-12-18 11:25:39] INFO [utils.config_log:25] 读取配置(mztj.ini)文件成功
[2018-12-18 11:25:39] INFO [utils.config_log:27] 读取配置(parse.ini)文件成功
[2018-12-18 11:25:39] INFO [utils.config_log:29] 读取配置(custom.ini)文件成功
[2018-12-18 11:25:39] INFO [utils.config_log:31] 读取配置(version.ini)文件成功
[2018-12-18 11:25:39] INFO [utils.config_log:33] 读取配置(database.ini)文件成功
[2018-12-18 11:25:40] INFO [macropy.core.import_hooks:97] Expand macros in C:\Python35-32\lib\site-packages\macropy\core\hquotes.py
[2018-12-18 11:25:40] INFO [macropy.core.macros:589] Finding macros in 'macropy.core.hquotes'
[2018-12-18 11:25:40] INFO [macropy.core.macros:602] Importing macros from 'macropy.core.quotes' into 'macropy.core.hquotes'
[2018-12-18 11:25:40] INFO [macropy.core.import_hooks:97] Expand macros in C:\Python35-32\lib\site-packages\macropy\core\quotes.py
[2018-12-18 11:25:40] INFO [macropy.core.macros:589] Finding macros in 'macropy.core.quotes'
[2018-12-18 11:25:40] INFO [macropy.core.import_hooks:97] Expand macros in C:\Python35-32\lib\site-packages\macropy\core\failure.py
[2018-12-18 11:25:40] INFO [macropy.core.macros:589] Finding macros in 'macropy.core.failure'
[2018-12-18 11:25:40] INFO [macropy.core.macros:602] Importing macros from 'macropy.core.hquotes' into 'macropy.core.failure'
[2018-12-18 11:25:43] INFO [utils.config_log:191] 写入配置(custom.ini)文件成功
[2018-12-18 11:25:43] INFO [utils.config_log:192] 用户：管理员(BSSA) 登陆成功！
[2018-12-18 13:53:58] INFO [utils.config_log:224] 用户：管理员(BSSA) 退出成功！
[2018-12-18 13:54:52] INFO [utils.config_log:23] 程序启动......
[2018-12-18 13:54:52] INFO [utils.config_log:25] 读取配置(mztj.ini)文件成功
[2018-12-18 13:54:52] INFO [utils.config_log:27] 读取配置(parse.ini)文件成功
[2018-12-18 13:54:52] INFO [utils.config_log:29] 读取配置(custom.ini)文件成功
[2018-12-18 13:54:52] INFO [utils.config_log:31] 读取配置(version.ini)文件成功
[2018-12-18 13:54:52] INFO [utils.config_log:33] 读取配置(database.ini)文件成功
[2018-12-18 13:54:53] INFO [macropy.core.import_hooks:97] Expand macros in C:\Python35-32\lib\site-packages\macropy\core\hquotes.py
[2018-12-18 13:54:53] INFO [macropy.core.macros:589] Finding macros in 'macropy.core.hquotes'
[2018-12-18 13:54:53] INFO [macropy.core.macros:602] Importing macros from 'macropy.core.quotes' into 'macropy.core.hquotes'
[2018-12-18 13:54:53] INFO [macropy.core.import_hooks:97] Expand macros in C:\Python35-32\lib\site-packages\macropy\core\quotes.py
[2018-12-18 13:54:53] INFO [macropy.core.macros:589] Finding macros in 'macropy.core.quotes'
[2018-12-18 13:54:53] INFO [macropy.core.import_hooks:97] Expand macros in C:\Python35-32\lib\site-packages\macropy\core\failure.py
[2018-12-18 13:54:53] INFO [macropy.core.macros:589] Finding macros in 'macropy.core.failure'
[2018-12-18 13:54:53] INFO [macropy.core.macros:602] Importing macros from 'macropy.core.hquotes' into 'macropy.core.failure'
[2018-12-18 13:54:56] INFO [utils.config_log:191] 写入配置(custom.ini)文件成功
[2018-12-18 13:54:56] INFO [utils.config_log:192] 用户：管理员(BSSA) 登陆成功！
[2018-12-18 14:20:58] INFO [utils.config_log:23] 程序启动......
[2018-12-18 14:20:58] INFO [utils.config_log:25] 读取配置(mztj.ini)文件成功
[2018-12-18 14:20:58] INFO [utils.config_log:27] 读取配置(parse.ini)文件成功
[2018-12-18 14:20:59] INFO [utils.config_log:29] 读取配置(custom.ini)文件成功
[2018-12-18 14:20:59] INFO [utils.config_log:31] 读取配置(version.ini)文件成功
[2018-12-18 14:20:59] INFO [utils.config_log:33] 读取配置(database.ini)文件成功
[2018-12-18 14:20:59] INFO [macropy.core.import_hooks:97] Expand macros in C:\Python35-32\lib\site-packages\macropy\core\hquotes.py
[2018-12-18 14:20:59] INFO [macropy.core.macros:589] Finding macros in 'macropy.core.hquotes'
[2018-12-18 14:20:59] INFO [macropy.core.macros:602] Importing macros from 'macropy.core.quotes' into 'macropy.core.hquotes'
[2018-12-18 14:20:59] INFO [macropy.core.import_hooks:97] Expand macros in C:\Python35-32\lib\site-packages\macropy\core\quotes.py
[2018-12-18 14:20:59] INFO [macropy.core.macros:589] Finding macros in 'macropy.core.quotes'
[2018-12-18 14:20:59] INFO [macropy.core.import_hooks:97] Expand macros in C:\Python35-32\lib\site-packages\macropy\core\failure.py
[2018-12-18 14:20:59] INFO [macropy.core.macros:589] Finding macros in 'macropy.core.failure'
[2018-12-18 14:20:59] INFO [macropy.core.macros:602] Importing macros from 'macropy.core.hquotes' into 'macropy.core.failure'
[2018-12-18 14:21:03] INFO [utils.config_log:191] 写入配置(custom.ini)文件成功
[2018-12-18 14:21:03] INFO [utils.config_log:192] 用户：管理员(BSSA) 登陆成功！
[2018-12-18 14:29:44] INFO [utils.config_log:224] 用户：管理员(BSSA) 退出成功！
[2018-12-18 14:29:47] INFO [utils.config_log:23] 程序启动......
[2018-12-18 14:29:47] INFO [utils.config_log:25] 读取配置(mztj.ini)文件成功
[2018-12-18 14:29:47] INFO [utils.config_log:27] 读取配置(parse.ini)文件成功
[2018-12-18 14:29:47] INFO [utils.config_log:29] 读取配置(custom.ini)文件成功
[2018-12-18 14:29:47] INFO [utils.config_log:31] 读取配置(version.ini)文件成功
[2018-12-18 14:29:47] INFO [utils.config_log:33] 读取配置(database.ini)文件成功
[2018-12-18 14:29:48] INFO [macropy.core.import_hooks:97] Expand macros in C:\Python35-32\lib\site-packages\macropy\core\hquotes.py
[2018-12-18 14:29:48] INFO [macropy.core.macros:589] Finding macros in 'macropy.core.hquotes'
[2018-12-18 14:29:48] INFO [macropy.core.macros:602] Importing macros from 'macropy.core.quotes' into 'macropy.core.hquotes'
[2018-12-18 14:29:48] INFO [macropy.core.import_hooks:97] Expand macros in C:\Python35-32\lib\site-packages\macropy\core\quotes.py
[2018-12-18 14:29:48] INFO [macropy.core.macros:589] Finding macros in 'macropy.core.quotes'
[2018-12-18 14:29:48] INFO [macropy.core.import_hooks:97] Expand macros in C:\Python35-32\lib\site-packages\macropy\core\failure.py
[2018-12-18 14:29:48] INFO [macropy.core.macros:589] Finding macros in 'macropy.core.failure'
[2018-12-18 14:29:48] INFO [macropy.core.macros:602] Importing macros from 'macropy.core.hquotes' into 'macropy.core.failure'
[2018-12-18 14:29:52] INFO [utils.config_log:191] 写入配置(custom.ini)文件成功
[2018-12-18 14:29:52] INFO [utils.config_log:192] 用户：管理员(BSSA) 登陆成功！
[2018-12-18 14:37:07] INFO [utils.config_log:23] 程序启动......
[2018-12-18 14:37:07] INFO [utils.config_log:25] 读取配置(mztj.ini)文件成功
[2018-12-18 14:37:07] INFO [utils.config_log:27] 读取配置(parse.ini)文件成功
[2018-12-18 14:37:07] INFO [utils.config_log:29] 读取配置(custom.ini)文件成功
[2018-12-18 14:37:07] INFO [utils.config_log:31] 读取配置(version.ini)文件成功
[2018-12-18 14:37:07] INFO [utils.config_log:33] 读取配置(database.ini)文件成功
[2018-12-18 14:37:08] INFO [macropy.core.import_hooks:97] Expand macros in C:\Python35-32\lib\site-packages\macropy\core\hquotes.py
[2018-12-18 14:37:08] INFO [macropy.core.macros:589] Finding macros in 'macropy.core.hquotes'
[2018-12-18 14:37:08] INFO [macropy.core.macros:602] Importing macros from 'macropy.core.quotes' into 'macropy.core.hquotes'
[2018-12-18 14:37:08] INFO [macropy.core.import_hooks:97] Expand macros in C:\Python35-32\lib\site-packages\macropy\core\quotes.py
[2018-12-18 14:37:08] INFO [macropy.core.macros:589] Finding macros in 'macropy.core.quotes'
[2018-12-18 14:37:08] INFO [macropy.core.import_hooks:97] Expand macros in C:\Python35-32\lib\site-packages\macropy\core\failure.py
[2018-12-18 14:37:08] INFO [macropy.core.macros:589] Finding macros in 'macropy.core.failure'
[2018-12-18 14:37:08] INFO [macropy.core.macros:602] Importing macros from 'macropy.core.hquotes' into 'macropy.core.failure'
[2018-12-18 14:37:11] INFO [utils.config_log:191] 写入配置(custom.ini)文件成功
[2018-12-18 14:37:11] INFO [utils.config_log:192] 用户：管理员(BSSA) 登陆成功！
[2018-12-18 14:37:31] INFO [utils.config_log:224] 用户：管理员(BSSA) 退出成功！
[2018-12-18 14:37:40] INFO [utils.config_log:23] 程序启动......
[2018-12-18 14:37:40] INFO [utils.config_log:25] 读取配置(mztj.ini)文件成功
[2018-12-18 14:37:40] INFO [utils.config_log:27] 读取配置(parse.ini)文件成功
[2018-12-18 14:37:40] INFO [utils.config_log:29] 读取配置(custom.ini)文件成功
[2018-12-18 14:37:40] INFO [utils.config_log:31] 读取配置(version.ini)文件成功
[2018-12-18 14:37:40] INFO [utils.config_log:33] 读取配置(database.ini)文件成功
[2018-12-18 14:37:41] INFO [macropy.core.import_hooks:97] Expand macros in C:\Python35-32\lib\site-packages\macropy\core\hquotes.py
[2018-12-18 14:37:41] INFO [macropy.core.macros:589] Finding macros in 'macropy.core.hquotes'
[2018-12-18 14:37:41] INFO [macropy.core.macros:602] Importing macros from 'macropy.core.quotes' into 'macropy.core.hquotes'
[2018-12-18 14:37:41] INFO [macropy.core.import_hooks:97] Expand macros in C:\Python35-32\lib\site-packages\macropy\core\quotes.py
[2018-12-18 14:37:41] INFO [macropy.core.macros:589] Finding macros in 'macropy.core.quotes'
[2018-12-18 14:37:41] INFO [macropy.core.import_hooks:97] Expand macros in C:\Python35-32\lib\site-packages\macropy\core\failure.py
[2018-12-18 14:37:41] INFO [macropy.core.macros:589] Finding macros in 'macropy.core.failure'
[2018-12-18 14:37:41] INFO [macropy.core.macros:602] Importing macros from 'macropy.core.hquotes' into 'macropy.core.failure'
[2018-12-18 14:37:45] INFO [utils.config_log:191] 写入配置(custom.ini)文件成功
[2018-12-18 14:37:45] INFO [utils.config_log:192] 用户：管理员(BSSA) 登陆成功！
[2018-12-18 14:39:48] INFO [utils.config_log:224] 用户：管理员(BSSA) 退出成功！
[2018-12-18 14:39:51] INFO [utils.config_log:23] 程序启动......
[2018-12-18 14:39:51] INFO [utils.config_log:25] 读取配置(mztj.ini)文件成功
[2018-12-18 14:39:51] INFO [utils.config_log:27] 读取配置(parse.ini)文件成功
[2018-12-18 14:39:51] INFO [utils.config_log:29] 读取配置(custom.ini)文件成功
[2018-12-18 14:39:51] INFO [utils.config_log:31] 读取配置(version.ini)文件成功
[2018-12-18 14:39:51] INFO [utils.config_log:33] 读取配置(database.ini)文件成功
[2018-12-18 14:39:52] INFO [macropy.core.import_hooks:97] Expand macros in C:\Python35-32\lib\site-packages\macropy\core\hquotes.py
[2018-12-18 14:39:52] INFO [macropy.core.macros:589] Finding macros in 'macropy.core.hquotes'
[2018-12-18 14:39:52] INFO [macropy.core.macros:602] Importing macros from 'macropy.core.quotes' into 'macropy.core.hquotes'
[2018-12-18 14:39:52] INFO [macropy.core.import_hooks:97] Expand macros in C:\Python35-32\lib\site-packages\macropy\core\quotes.py
[2018-12-18 14:39:52] INFO [macropy.core.macros:589] Finding macros in 'macropy.core.quotes'
[2018-12-18 14:39:52] INFO [macropy.core.import_hooks:97] Expand macros in C:\Python35-32\lib\site-packages\macropy\core\failure.py
[2018-12-18 14:39:52] INFO [macropy.core.macros:589] Finding macros in 'macropy.core.failure'
[2018-12-18 14:39:52] INFO [macropy.core.macros:602] Importing macros from 'macropy.core.hquotes' into 'macropy.core.failure'
[2018-12-18 14:40:05] INFO [utils.config_log:23] 程序启动......
[2018-12-18 14:40:05] INFO [utils.config_log:25] 读取配置(mztj.ini)文件成功
[2018-12-18 14:40:05] INFO [utils.config_log:27] 读取配置(parse.ini)文件成功
[2018-12-18 14:40:05] INFO [utils.config_log:29] 读取配置(custom.ini)文件成功
[2018-12-18 14:40:05] INFO [utils.config_log:31] 读取配置(version.ini)文件成功
[2018-12-18 14:40:05] INFO [utils.config_log:33] 读取配置(database.ini)文件成功
[2018-12-18 14:40:07] INFO [macropy.core.import_hooks:97] Expand macros in C:\Python35-32\lib\site-packages\macropy\core\hquotes.py
[2018-12-18 14:40:07] INFO [macropy.core.macros:589] Finding macros in 'macropy.core.hquotes'
[2018-12-18 14:40:07] INFO [macropy.core.macros:602] Importing macros from 'macropy.core.quotes' into 'macropy.core.hquotes'
[2018-12-18 14:40:07] INFO [macropy.core.import_hooks:97] Expand macros in C:\Python35-32\lib\site-packages\macropy\core\quotes.py
[2018-12-18 14:40:07] INFO [macropy.core.macros:589] Finding macros in 'macropy.core.quotes'
[2018-12-18 14:40:07] INFO [macropy.core.import_hooks:97] Expand macros in C:\Python35-32\lib\site-packages\macropy\core\failure.py
[2018-12-18 14:40:07] INFO [macropy.core.macros:589] Finding macros in 'macropy.core.failure'
[2018-12-18 14:40:07] INFO [macropy.core.macros:602] Importing macros from 'macropy.core.hquotes' into 'macropy.core.failure'
[2018-12-18 14:40:22] INFO [utils.config_log:191] 写入配置(custom.ini)文件成功
[2018-12-18 14:40:22] INFO [utils.config_log:192] 用户：管理员(BSSA) 登陆成功！
[2018-12-18 14:43:19] INFO [utils.config_log:224] 用户：管理员(BSSA) 退出成功！
[2018-12-18 14:43:23] INFO [utils.config_log:23] 程序启动......
[2018-12-18 14:43:23] INFO [utils.config_log:25] 读取配置(mztj.ini)文件成功
[2018-12-18 14:43:23] INFO [utils.config_log:27] 读取配置(parse.ini)文件成功
[2018-12-18 14:43:23] INFO [utils.config_log:29] 读取配置(custom.ini)文件成功
[2018-12-18 14:43:23] INFO [utils.config_log:31] 读取配置(version.ini)文件成功
[2018-12-18 14:43:23] INFO [utils.config_log:33] 读取配置(database.ini)文件成功
[2018-12-18 14:43:24] INFO [macropy.core.import_hooks:97] Expand macros in C:\Python35-32\lib\site-packages\macropy\core\hquotes.py
[2018-12-18 14:43:24] INFO [macropy.core.macros:589] Finding macros in 'macropy.core.hquotes'
[2018-12-18 14:43:24] INFO [macropy.core.macros:602] Importing macros from 'macropy.core.quotes' into 'macropy.core.hquotes'
[2018-12-18 14:43:24] INFO [macropy.core.import_hooks:97] Expand macros in C:\Python35-32\lib\site-packages\macropy\core\quotes.py
[2018-12-18 14:43:24] INFO [macropy.core.macros:589] Finding macros in 'macropy.core.quotes'
[2018-12-18 14:43:24] INFO [macropy.core.import_hooks:97] Expand macros in C:\Python35-32\lib\site-packages\macropy\core\failure.py
[2018-12-18 14:43:24] INFO [macropy.core.macros:589] Finding macros in 'macropy.core.failure'
[2018-12-18 14:43:24] INFO [macropy.core.macros:602] Importing macros from 'macropy.core.hquotes' into 'macropy.core.failure'
[2018-12-18 14:43:29] INFO [utils.config_log:191] 写入配置(custom.ini)文件成功
[2018-12-18 14:43:29] INFO [utils.config_log:192] 用户：管理员(BSSA) 登陆成功！
[2018-12-18 14:43:58] INFO [utils.config_log:224] 用户：管理员(BSSA) 退出成功！
[2018-12-18 14:44:00] INFO [utils.config_log:23] 程序启动......
[2018-12-18 14:44:00] INFO [utils.config_log:25] 读取配置(mztj.ini)文件成功
[2018-12-18 14:44:00] INFO [utils.config_log:27] 读取配置(parse.ini)文件成功
[2018-12-18 14:44:00] INFO [utils.config_log:29] 读取配置(custom.ini)文件成功
[2018-12-18 14:44:00] INFO [utils.config_log:31] 读取配置(version.ini)文件成功
[2018-12-18 14:44:00] INFO [utils.config_log:33] 读取配置(database.ini)文件成功
[2018-12-18 14:44:01] INFO [macropy.core.import_hooks:97] Expand macros in C:\Python35-32\lib\site-packages\macropy\core\hquotes.py
[2018-12-18 14:44:01] INFO [macropy.core.macros:589] Finding macros in 'macropy.core.hquotes'
[2018-12-18 14:44:01] INFO [macropy.core.macros:602] Importing macros from 'macropy.core.quotes' into 'macropy.core.hquotes'
[2018-12-18 14:44:01] INFO [macropy.core.import_hooks:97] Expand macros in C:\Python35-32\lib\site-packages\macropy\core\quotes.py
[2018-12-18 14:44:01] INFO [macropy.core.macros:589] Finding macros in 'macropy.core.quotes'
[2018-12-18 14:44:01] INFO [macropy.core.import_hooks:97] Expand macros in C:\Python35-32\lib\site-packages\macropy\core\failure.py
[2018-12-18 14:44:01] INFO [macropy.core.macros:589] Finding macros in 'macropy.core.failure'
[2018-12-18 14:44:01] INFO [macropy.core.macros:602] Importing macros from 'macropy.core.hquotes' into 'macropy.core.failure'
[2018-12-18 14:44:25] INFO [utils.config_log:191] 写入配置(custom.ini)文件成功
[2018-12-18 14:44:25] INFO [utils.config_log:192] 用户：管理员(BSSA) 登陆成功！
[2018-12-18 14:44:50] INFO [utils.config_log:224] 用户：管理员(BSSA) 退出成功！
[2018-12-18 14:44:54] INFO [utils.config_log:23] 程序启动......
[2018-12-18 14:44:54] INFO [utils.config_log:25] 读取配置(mztj.ini)文件成功
[2018-12-18 14:44:54] INFO [utils.config_log:27] 读取配置(parse.ini)文件成功
[2018-12-18 14:44:54] INFO [utils.config_log:29] 读取配置(custom.ini)文件成功
[2018-12-18 14:44:54] INFO [utils.config_log:31] 读取配置(version.ini)文件成功
[2018-12-18 14:44:54] INFO [utils.config_log:33] 读取配置(database.ini)文件成功
[2018-12-18 14:44:54] INFO [macropy.core.import_hooks:97] Expand macros in C:\Python35-32\lib\site-packages\macropy\core\hquotes.py
[2018-12-18 14:44:54] INFO [macropy.core.macros:589] Finding macros in 'macropy.core.hquotes'
[2018-12-18 14:44:54] INFO [macropy.core.macros:602] Importing macros from 'macropy.core.quotes' into 'macropy.core.hquotes'
[2018-12-18 14:44:54] INFO [macropy.core.import_hooks:97] Expand macros in C:\Python35-32\lib\site-packages\macropy\core\quotes.py
[2018-12-18 14:44:54] INFO [macropy.core.macros:589] Finding macros in 'macropy.core.quotes'
[2018-12-18 14:44:55] INFO [macropy.core.import_hooks:97] Expand macros in C:\Python35-32\lib\site-packages\macropy\core\failure.py
[2018-12-18 14:44:55] INFO [macropy.core.macros:589] Finding macros in 'macropy.core.failure'
[2018-12-18 14:44:55] INFO [macropy.core.macros:602] Importing macros from 'macropy.core.hquotes' into 'macropy.core.failure'
[2018-12-18 14:44:58] INFO [utils.config_log:191] 写入配置(custom.ini)文件成功
[2018-12-18 14:44:58] INFO [utils.config_log:192] 用户：管理员(BSSA) 登陆成功！
[2018-12-18 14:45:27] INFO [utils.config_log:224] 用户：管理员(BSSA) 退出成功！
[2018-12-18 14:45:31] INFO [utils.config_log:23] 程序启动......
[2018-12-18 14:45:31] INFO [utils.config_log:25] 读取配置(mztj.ini)文件成功
[2018-12-18 14:45:31] INFO [utils.config_log:27] 读取配置(parse.ini)文件成功
[2018-12-18 14:45:31] INFO [utils.config_log:29] 读取配置(custom.ini)文件成功
[2018-12-18 14:45:31] INFO [utils.config_log:31] 读取配置(version.ini)文件成功
[2018-12-18 14:45:31] INFO [utils.config_log:33] 读取配置(database.ini)文件成功
[2018-12-18 14:45:33] INFO [macropy.core.import_hooks:97] Expand macros in C:\Python35-32\lib\site-packages\macropy\core\hquotes.py
[2018-12-18 14:45:33] INFO [macropy.core.macros:589] Finding macros in 'macropy.core.hquotes'
[2018-12-18 14:45:33] INFO [macropy.core.macros:602] Importing macros from 'macropy.core.quotes' into 'macropy.core.hquotes'
[2018-12-18 14:45:33] INFO [macropy.core.import_hooks:97] Expand macros in C:\Python35-32\lib\site-packages\macropy\core\quotes.py
[2018-12-18 14:45:33] INFO [macropy.core.macros:589] Finding macros in 'macropy.core.quotes'
[2018-12-18 14:45:33] INFO [macropy.core.import_hooks:97] Expand macros in C:\Python35-32\lib\site-packages\macropy\core\failure.py
[2018-12-18 14:45:33] INFO [macropy.core.macros:589] Finding macros in 'macropy.core.failure'
[2018-12-18 14:45:33] INFO [macropy.core.macros:602] Importing macros from 'macropy.core.hquotes' into 'macropy.core.failure'
[2018-12-18 14:45:38] INFO [utils.config_log:191] 写入配置(custom.ini)文件成功
[2018-12-18 14:45:38] INFO [utils.config_log:192] 用户：管理员(BSSA) 登陆成功！
[2018-12-18 16:07:29] INFO [utils.config_log:224] 用户：管理员(BSSA) 退出成功！
[2018-12-18 16:07:31] INFO [utils.config_log:224] 用户：管理员(BSSA) 退出成功！
[2018-12-18 16:07:34] INFO [utils.config_log:23] 程序启动......
[2018-12-18 16:07:34] INFO [utils.config_log:25] 读取配置(mztj.ini)文件成功
[2018-12-18 16:07:34] INFO [utils.config_log:27] 读取配置(parse.ini)文件成功
[2018-12-18 16:07:34] INFO [utils.config_log:29] 读取配置(custom.ini)文件成功
[2018-12-18 16:07:34] INFO [utils.config_log:31] 读取配置(version.ini)文件成功
[2018-12-18 16:07:34] INFO [utils.config_log:33] 读取配置(database.ini)文件成功
[2018-12-18 16:07:35] INFO [macropy.core.import_hooks:97] Expand macros in C:\Python35-32\lib\site-packages\macropy\core\hquotes.py
[2018-12-18 16:07:35] INFO [macropy.core.macros:589] Finding macros in 'macropy.core.hquotes'
[2018-12-18 16:07:35] INFO [macropy.core.macros:602] Importing macros from 'macropy.core.quotes' into 'macropy.core.hquotes'
[2018-12-18 16:07:35] INFO [macropy.core.import_hooks:97] Expand macros in C:\Python35-32\lib\site-packages\macropy\core\quotes.py
[2018-12-18 16:07:35] INFO [macropy.core.macros:589] Finding macros in 'macropy.core.quotes'
[2018-12-18 16:07:35] INFO [macropy.core.import_hooks:97] Expand macros in C:\Python35-32\lib\site-packages\macropy\core\failure.py
[2018-12-18 16:07:35] INFO [macropy.core.macros:589] Finding macros in 'macropy.core.failure'
[2018-12-18 16:07:35] INFO [macropy.core.macros:602] Importing macros from 'macropy.core.hquotes' into 'macropy.core.failure'
[2018-12-18 16:07:41] INFO [utils.config_log:191] 写入配置(custom.ini)文件成功
[2018-12-18 16:07:41] INFO [utils.config_log:192] 用户：管理员(BSSA) 登陆成功！
[2018-12-18 16:42:29] INFO [utils.config_log:23] 程序启动......
[2018-12-18 16:42:29] INFO [utils.config_log:25] 读取配置(mztj.ini)文件成功
[2018-12-18 16:42:29] INFO [utils.config_log:27] 读取配置(parse.ini)文件成功
[2018-12-18 16:42:29] INFO [utils.config_log:29] 读取配置(custom.ini)文件成功
[2018-12-18 16:42:29] INFO [utils.config_log:31] 读取配置(version.ini)文件成功
[2018-12-18 16:42:29] INFO [utils.config_log:33] 读取配置(database.ini)文件成功
[2018-12-18 16:42:30] INFO [macropy.core.import_hooks:97] Expand macros in C:\Python35-32\lib\site-packages\macropy\core\hquotes.py
[2018-12-18 16:42:30] INFO [macropy.core.macros:589] Finding macros in 'macropy.core.hquotes'
[2018-12-18 16:42:30] INFO [macropy.core.macros:602] Importing macros from 'macropy.core.quotes' into 'macropy.core.hquotes'
[2018-12-18 16:42:30] INFO [macropy.core.import_hooks:97] Expand macros in C:\Python35-32\lib\site-packages\macropy\core\quotes.py
[2018-12-18 16:42:30] INFO [macropy.core.macros:589] Finding macros in 'macropy.core.quotes'
[2018-12-18 16:42:30] INFO [macropy.core.import_hooks:97] Expand macros in C:\Python35-32\lib\site-packages\macropy\core\failure.py
[2018-12-18 16:42:30] INFO [macropy.core.macros:589] Finding macros in 'macropy.core.failure'
[2018-12-18 16:42:30] INFO [macropy.core.macros:602] Importing macros from 'macropy.core.hquotes' into 'macropy.core.failure'
[2018-12-18 16:42:33] INFO [utils.config_log:191] 写入配置(custom.ini)文件成功
[2018-12-18 16:42:33] INFO [utils.config_log:192] 用户：管理员(BSSA) 登陆成功！
[2018-12-18 16:42:56] INFO [utils.config_log:224] 用户：管理员(BSSA) 退出成功！
[2018-12-18 16:42:59] INFO [utils.config_log:23] 程序启动......
[2018-12-18 16:42:59] INFO [utils.config_log:25] 读取配置(mztj.ini)文件成功
[2018-12-18 16:42:59] INFO [utils.config_log:27] 读取配置(parse.ini)文件成功
[2018-12-18 16:42:59] INFO [utils.config_log:29] 读取配置(custom.ini)文件成功
[2018-12-18 16:42:59] INFO [utils.config_log:31] 读取配置(version.ini)文件成功
[2018-12-18 16:42:59] INFO [utils.config_log:33] 读取配置(database.ini)文件成功
[2018-12-18 16:42:59] INFO [macropy.core.import_hooks:97] Expand macros in C:\Python35-32\lib\site-packages\macropy\core\hquotes.py
[2018-12-18 16:42:59] INFO [macropy.core.macros:589] Finding macros in 'macropy.core.hquotes'
[2018-12-18 16:42:59] INFO [macropy.core.macros:602] Importing macros from 'macropy.core.quotes' into 'macropy.core.hquotes'
[2018-12-18 16:42:59] INFO [macropy.core.import_hooks:97] Expand macros in C:\Python35-32\lib\site-packages\macropy\core\quotes.py
[2018-12-18 16:42:59] INFO [macropy.core.macros:589] Finding macros in 'macropy.core.quotes'
[2018-12-18 16:42:59] INFO [macropy.core.import_hooks:97] Expand macros in C:\Python35-32\lib\site-packages\macropy\core\failure.py
[2018-12-18 16:42:59] INFO [macropy.core.macros:589] Finding macros in 'macropy.core.failure'
[2018-12-18 16:42:59] INFO [macropy.core.macros:602] Importing macros from 'macropy.core.hquotes' into 'macropy.core.failure'
[2018-12-18 16:43:03] INFO [utils.config_log:191] 写入配置(custom.ini)文件成功
[2018-12-18 16:43:03] INFO [utils.config_log:192] 用户：管理员(BSSA) 登陆成功！
[2018-12-18 17:00:26] INFO [utils.config_log:224] 用户：管理员(BSSA) 退出成功！
[2018-12-18 17:00:31] INFO [utils.config_log:23] 程序启动......
[2018-12-18 17:00:31] INFO [utils.config_log:25] 读取配置(mztj.ini)文件成功
[2018-12-18 17:00:31] INFO [utils.config_log:27] 读取配置(parse.ini)文件成功
[2018-12-18 17:00:31] INFO [utils.config_log:29] 读取配置(custom.ini)文件成功
[2018-12-18 17:00:31] INFO [utils.config_log:31] 读取配置(version.ini)文件成功
[2018-12-18 17:00:31] INFO [utils.config_log:33] 读取配置(database.ini)文件成功
[2018-12-18 17:00:31] INFO [macropy.core.import_hooks:97] Expand macros in C:\Python35-32\lib\site-packages\macropy\core\hquotes.py
[2018-12-18 17:00:31] INFO [macropy.core.macros:589] Finding macros in 'macropy.core.hquotes'
[2018-12-18 17:00:31] INFO [macropy.core.macros:602] Importing macros from 'macropy.core.quotes' into 'macropy.core.hquotes'
[2018-12-18 17:00:31] INFO [macropy.core.import_hooks:97] Expand macros in C:\Python35-32\lib\site-packages\macropy\core\quotes.py
[2018-12-18 17:00:31] INFO [macropy.core.macros:589] Finding macros in 'macropy.core.quotes'
[2018-12-18 17:00:31] INFO [macropy.core.import_hooks:97] Expand macros in C:\Python35-32\lib\site-packages\macropy\core\failure.py
[2018-12-18 17:00:31] INFO [macropy.core.macros:589] Finding macros in 'macropy.core.failure'
[2018-12-18 17:00:31] INFO [macropy.core.macros:602] Importing macros from 'macropy.core.hquotes' into 'macropy.core.failure'
[2018-12-18 17:00:35] INFO [utils.config_log:191] 写入配置(custom.ini)文件成功
[2018-12-18 17:00:35] INFO [utils.config_log:192] 用户：管理员(BSSA) 登陆成功！
[2018-12-18 17:04:29] INFO [utils.config_log:224] 用户：管理员(BSSA) 退出成功！
[2018-12-18 17:04:32] INFO [utils.config_log:23] 程序启动......
[2018-12-18 17:04:32] INFO [utils.config_log:25] 读取配置(mztj.ini)文件成功
[2018-12-18 17:04:32] INFO [utils.config_log:27] 读取配置(parse.ini)文件成功
[2018-12-18 17:04:32] INFO [utils.config_log:29] 读取配置(custom.ini)文件成功
[2018-12-18 17:04:32] INFO [utils.config_log:31] 读取配置(version.ini)文件成功
[2018-12-18 17:04:32] INFO [utils.config_log:33] 读取配置(database.ini)文件成功
[2018-12-18 17:04:33] INFO [macropy.core.import_hooks:97] Expand macros in C:\Python35-32\lib\site-packages\macropy\core\hquotes.py
[2018-12-18 17:04:33] INFO [macropy.core.macros:589] Finding macros in 'macropy.core.hquotes'
[2018-12-18 17:04:33] INFO [macropy.core.macros:602] Importing macros from 'macropy.core.quotes' into 'macropy.core.hquotes'
[2018-12-18 17:04:33] INFO [macropy.core.import_hooks:97] Expand macros in C:\Python35-32\lib\site-packages\macropy\core\quotes.py
[2018-12-18 17:04:33] INFO [macropy.core.macros:589] Finding macros in 'macropy.core.quotes'
[2018-12-18 17:04:33] INFO [macropy.core.import_hooks:97] Expand macros in C:\Python35-32\lib\site-packages\macropy\core\failure.py
[2018-12-18 17:04:33] INFO [macropy.core.macros:589] Finding macros in 'macropy.core.failure'
[2018-12-18 17:04:33] INFO [macropy.core.macros:602] Importing macros from 'macropy.core.hquotes' into 'macropy.core.failure'
[2018-12-18 17:04:37] INFO [utils.config_log:191] 写入配置(custom.ini)文件成功
[2018-12-18 17:04:37] INFO [utils.config_log:192] 用户：管理员(BSSA) 登陆成功！
[2018-12-18 17:05:57] INFO [utils.config_log:224] 用户：管理员(BSSA) 退出成功！
[2018-12-18 17:06:00] INFO [utils.config_log:23] 程序启动......
[2018-12-18 17:06:00] INFO [utils.config_log:25] 读取配置(mztj.ini)文件成功
[2018-12-18 17:06:00] INFO [utils.config_log:27] 读取配置(parse.ini)文件成功
[2018-12-18 17:06:00] INFO [utils.config_log:29] 读取配置(custom.ini)文件成功
[2018-12-18 17:06:00] INFO [utils.config_log:31] 读取配置(version.ini)文件成功
[2018-12-18 17:06:00] INFO [utils.config_log:33] 读取配置(database.ini)文件成功
[2018-12-18 17:06:01] INFO [macropy.core.import_hooks:97] Expand macros in C:\Python35-32\lib\site-packages\macropy\core\hquotes.py
[2018-12-18 17:06:01] INFO [macropy.core.macros:589] Finding macros in 'macropy.core.hquotes'
[2018-12-18 17:06:01] INFO [macropy.core.macros:602] Importing macros from 'macropy.core.quotes' into 'macropy.core.hquotes'
[2018-12-18 17:06:01] INFO [macropy.core.import_hooks:97] Expand macros in C:\Python35-32\lib\site-packages\macropy\core\quotes.py
[2018-12-18 17:06:01] INFO [macropy.core.macros:589] Finding macros in 'macropy.core.quotes'
[2018-12-18 17:06:01] INFO [macropy.core.import_hooks:97] Expand macros in C:\Python35-32\lib\site-packages\macropy\core\failure.py
[2018-12-18 17:06:01] INFO [macropy.core.macros:589] Finding macros in 'macropy.core.failure'
[2018-12-18 17:06:01] INFO [macropy.core.macros:602] Importing macros from 'macropy.core.hquotes' into 'macropy.core.failure'
[2018-12-18 17:06:05] INFO [utils.config_log:191] 写入配置(custom.ini)文件成功
[2018-12-18 17:06:05] INFO [utils.config_log:192] 用户：管理员(BSSA) 登陆成功！
[2018-12-18 17:09:03] INFO [utils.config_log:224] 用户：管理员(BSSA) 退出成功！
[2018-12-18 17:09:06] INFO [utils.config_log:23] 程序启动......
[2018-12-18 17:09:06] INFO [utils.config_log:25] 读取配置(mztj.ini)文件成功
[2018-12-18 17:09:06] INFO [utils.config_log:27] 读取配置(parse.ini)文件成功
[2018-12-18 17:09:06] INFO [utils.config_log:29] 读取配置(custom.ini)文件成功
[2018-12-18 17:09:06] INFO [utils.config_log:31] 读取配置(version.ini)文件成功
[2018-12-18 17:09:06] INFO [utils.config_log:33] 读取配置(database.ini)文件成功
[2018-12-18 17:09:07] INFO [macropy.core.import_hooks:97] Expand macros in C:\Python35-32\lib\site-packages\macropy\core\hquotes.py
[2018-12-18 17:09:07] INFO [macropy.core.macros:589] Finding macros in 'macropy.core.hquotes'
[2018-12-18 17:09:07] INFO [macropy.core.macros:602] Importing macros from 'macropy.core.quotes' into 'macropy.core.hquotes'
[2018-12-18 17:09:07] INFO [macropy.core.import_hooks:97] Expand macros in C:\Python35-32\lib\site-packages\macropy\core\quotes.py
[2018-12-18 17:09:07] INFO [macropy.core.macros:589] Finding macros in 'macropy.core.quotes'
[2018-12-18 17:09:07] INFO [macropy.core.import_hooks:97] Expand macros in C:\Python35-32\lib\site-packages\macropy\core\failure.py
[2018-12-18 17:09:07] INFO [macropy.core.macros:589] Finding macros in 'macropy.core.failure'
[2018-12-18 17:09:07] INFO [macropy.core.macros:602] Importing macros from 'macropy.core.hquotes' into 'macropy.core.failure'
[2018-12-18 17:09:16] INFO [utils.config_log:191] 写入配置(custom.ini)文件成功
[2018-12-18 17:09:16] INFO [utils.config_log:192] 用户：管理员(BSSA) 登陆成功！
[2018-12-18 17:10:45] INFO [utils.config_log:224] 用户：管理员(BSSA) 退出成功！
[2018-12-18 17:10:48] INFO [utils.config_log:23] 程序启动......
[2018-12-18 17:10:48] INFO [utils.config_log:25] 读取配置(mztj.ini)文件成功
[2018-12-18 17:10:48] INFO [utils.config_log:27] 读取配置(parse.ini)文件成功
[2018-12-18 17:10:48] INFO [utils.config_log:29] 读取配置(custom.ini)文件成功
[2018-12-18 17:10:48] INFO [utils.config_log:31] 读取配置(version.ini)文件成功
[2018-12-18 17:10:48] INFO [utils.config_log:33] 读取配置(database.ini)文件成功
[2018-12-18 17:10:49] INFO [macropy.core.import_hooks:97] Expand macros in C:\Python35-32\lib\site-packages\macropy\core\hquotes.py
[2018-12-18 17:10:49] INFO [macropy.core.macros:589] Finding macros in 'macropy.core.hquotes'
[2018-12-18 17:10:49] INFO [macropy.core.macros:602] Importing macros from 'macropy.core.quotes' into 'macropy.core.hquotes'
[2018-12-18 17:10:49] INFO [macropy.core.import_hooks:97] Expand macros in C:\Python35-32\lib\site-packages\macropy\core\quotes.py
[2018-12-18 17:10:49] INFO [macropy.core.macros:589] Finding macros in 'macropy.core.quotes'
[2018-12-18 17:10:49] INFO [macropy.core.import_hooks:97] Expand macros in C:\Python35-32\lib\site-packages\macropy\core\failure.py
[2018-12-18 17:10:49] INFO [macropy.core.macros:589] Finding macros in 'macropy.core.failure'
[2018-12-18 17:10:49] INFO [macropy.core.macros:602] Importing macros from 'macropy.core.hquotes' into 'macropy.core.failure'
[2018-12-18 17:10:53] INFO [utils.config_log:191] 写入配置(custom.ini)文件成功
[2018-12-18 17:10:53] INFO [utils.config_log:192] 用户：管理员(BSSA) 登陆成功！
[2018-12-18 17:15:08] INFO [utils.config_log:224] 用户：管理员(BSSA) 退出成功！
[2018-12-18 17:15:10] INFO [utils.config_log:23] 程序启动......
[2018-12-18 17:15:10] INFO [utils.config_log:25] 读取配置(mztj.ini)文件成功
[2018-12-18 17:15:10] INFO [utils.config_log:27] 读取配置(parse.ini)文件成功
[2018-12-18 17:15:10] INFO [utils.config_log:29] 读取配置(custom.ini)文件成功
[2018-12-18 17:15:10] INFO [utils.config_log:31] 读取配置(version.ini)文件成功
[2018-12-18 17:15:10] INFO [utils.config_log:33] 读取配置(database.ini)文件成功
[2018-12-18 17:15:11] INFO [macropy.core.import_hooks:97] Expand macros in C:\Python35-32\lib\site-packages\macropy\core\hquotes.py
[2018-12-18 17:15:11] INFO [macropy.core.macros:589] Finding macros in 'macropy.core.hquotes'
[2018-12-18 17:15:11] INFO [macropy.core.macros:602] Importing macros from 'macropy.core.quotes' into 'macropy.core.hquotes'
[2018-12-18 17:15:11] INFO [macropy.core.import_hooks:97] Expand macros in C:\Python35-32\lib\site-packages\macropy\core\quotes.py
[2018-12-18 17:15:11] INFO [macropy.core.macros:589] Finding macros in 'macropy.core.quotes'
[2018-12-18 17:15:11] INFO [macropy.core.import_hooks:97] Expand macros in C:\Python35-32\lib\site-packages\macropy\core\failure.py
[2018-12-18 17:15:11] INFO [macropy.core.macros:589] Finding macros in 'macropy.core.failure'
[2018-12-18 17:15:11] INFO [macropy.core.macros:602] Importing macros from 'macropy.core.hquotes' into 'macropy.core.failure'
[2018-12-18 17:15:15] INFO [utils.config_log:191] 写入配置(custom.ini)文件成功
[2018-12-18 17:15:15] INFO [utils.config_log:192] 用户：管理员(BSSA) 登陆成功！
[2018-12-18 19:09:28] INFO [utils.config_log:224] 用户：管理员(BSSA) 退出成功！
[2018-12-18 19:14:55] INFO [utils.config_log:224] 用户：管理员(BSSA) 退出成功！
[2018-12-18 19:29:51] INFO [utils.config_log:23] 程序启动......
[2018-12-18 19:29:51] INFO [utils.config_log:25] 读取配置(mztj.ini)文件成功
[2018-12-18 19:29:51] INFO [utils.config_log:27] 读取配置(parse.ini)文件成功
[2018-12-18 19:29:51] INFO [utils.config_log:29] 读取配置(custom.ini)文件成功
[2018-12-18 19:29:51] INFO [utils.config_log:31] 读取配置(version.ini)文件成功
[2018-12-18 19:29:51] INFO [utils.config_log:33] 读取配置(database.ini)文件成功
[2018-12-18 19:29:52] INFO [macropy.core.import_hooks:97] Expand macros in C:\Python35-32\lib\site-packages\macropy\core\hquotes.py
[2018-12-18 19:29:52] INFO [macropy.core.macros:589] Finding macros in 'macropy.core.hquotes'
[2018-12-18 19:29:52] INFO [macropy.core.macros:602] Importing macros from 'macropy.core.quotes' into 'macropy.core.hquotes'
[2018-12-18 19:29:52] INFO [macropy.core.import_hooks:97] Expand macros in C:\Python35-32\lib\site-packages\macropy\core\quotes.py
[2018-12-18 19:29:52] INFO [macropy.core.macros:589] Finding macros in 'macropy.core.quotes'
[2018-12-18 19:29:52] INFO [macropy.core.import_hooks:97] Expand macros in C:\Python35-32\lib\site-packages\macropy\core\failure.py
[2018-12-18 19:29:52] INFO [macropy.core.macros:589] Finding macros in 'macropy.core.failure'
[2018-12-18 19:29:52] INFO [macropy.core.macros:602] Importing macros from 'macropy.core.hquotes' into 'macropy.core.failure'
[2018-12-18 19:29:58] INFO [utils.config_log:191] 写入配置(custom.ini)文件成功
[2018-12-18 19:29:58] INFO [utils.config_log:192] 用户：管理员(BSSA) 登陆成功！
[2018-12-18 20:26:40] INFO [utils.config_log:224] 用户：管理员(BSSA) 退出成功！
[2018-12-19 10:30:01] INFO [utils.config_log:23] 程序启动......
[2018-12-19 10:30:01] INFO [utils.config_log:25] 读取配置(mztj.ini)文件成功
[2018-12-19 10:30:01] INFO [utils.config_log:27] 读取配置(parse.ini)文件成功
[2018-12-19 10:30:01] INFO [utils.config_log:29] 读取配置(custom.ini)文件成功
[2018-12-19 10:30:01] INFO [utils.config_log:31] 读取配置(version.ini)文件成功
[2018-12-19 10:30:01] INFO [utils.config_log:33] 读取配置(database.ini)文件成功
[2018-12-19 10:30:02] INFO [macropy.core.import_hooks:97] Expand macros in C:\Python35-32\lib\site-packages\macropy\core\hquotes.py
[2018-12-19 10:30:02] INFO [macropy.core.macros:589] Finding macros in 'macropy.core.hquotes'
[2018-12-19 10:30:02] INFO [macropy.core.macros:602] Importing macros from 'macropy.core.quotes' into 'macropy.core.hquotes'
[2018-12-19 10:30:02] INFO [macropy.core.import_hooks:97] Expand macros in C:\Python35-32\lib\site-packages\macropy\core\quotes.py
[2018-12-19 10:30:02] INFO [macropy.core.macros:589] Finding macros in 'macropy.core.quotes'
[2018-12-19 10:30:02] INFO [macropy.core.import_hooks:97] Expand macros in C:\Python35-32\lib\site-packages\macropy\core\failure.py
[2018-12-19 10:30:02] INFO [macropy.core.macros:589] Finding macros in 'macropy.core.failure'
[2018-12-19 10:30:02] INFO [macropy.core.macros:602] Importing macros from 'macropy.core.hquotes' into 'macropy.core.failure'
[2018-12-19 10:30:06] INFO [utils.config_log:191] 写入配置(custom.ini)文件成功
[2018-12-19 10:30:06] INFO [utils.config_log:192] 用户：管理员(BSSA) 登陆成功！
[2018-12-19 11:00:37] INFO [utils.config_log:224] 用户：管理员(BSSA) 退出成功！
[2018-12-19 11:00:50] INFO [utils.config_log:23] 程序启动......
[2018-12-19 11:00:50] INFO [utils.config_log:25] 读取配置(mztj.ini)文件成功
[2018-12-19 11:00:50] INFO [utils.config_log:27] 读取配置(parse.ini)文件成功
[2018-12-19 11:00:50] INFO [utils.config_log:29] 读取配置(custom.ini)文件成功
[2018-12-19 11:00:50] INFO [utils.config_log:31] 读取配置(version.ini)文件成功
[2018-12-19 11:00:50] INFO [utils.config_log:33] 读取配置(database.ini)文件成功
[2018-12-19 11:00:54] INFO [utils.config_log:191] 写入配置(custom.ini)文件成功
[2018-12-19 11:00:54] INFO [utils.config_log:192] 用户：管理员(BSSA) 登陆成功！
[2018-12-19 11:01:18] INFO [utils.config_log:23] 程序启动......
[2018-12-19 11:01:18] INFO [utils.config_log:25] 读取配置(mztj.ini)文件成功
[2018-12-19 11:01:18] INFO [utils.config_log:27] 读取配置(parse.ini)文件成功
[2018-12-19 11:01:18] INFO [utils.config_log:29] 读取配置(custom.ini)文件成功
[2018-12-19 11:01:18] INFO [utils.config_log:31] 读取配置(version.ini)文件成功
[2018-12-19 11:01:18] INFO [utils.config_log:33] 读取配置(database.ini)文件成功
[2018-12-19 11:01:23] INFO [utils.config_log:191] 写入配置(custom.ini)文件成功
[2018-12-19 11:01:23] INFO [utils.config_log:192] 用户：管理员(BSSA) 登陆成功！
[2018-12-19 11:02:35] INFO [utils.config_log:23] 程序启动......
[2018-12-19 11:02:35] INFO [utils.config_log:25] 读取配置(mztj.ini)文件成功
[2018-12-19 11:02:35] INFO [utils.config_log:27] 读取配置(parse.ini)文件成功
[2018-12-19 11:02:35] INFO [utils.config_log:29] 读取配置(custom.ini)文件成功
[2018-12-19 11:02:35] INFO [utils.config_log:31] 读取配置(version.ini)文件成功
[2018-12-19 11:02:35] INFO [utils.config_log:33] 读取配置(database.ini)文件成功
[2018-12-19 11:02:43] INFO [utils.config_log:191] 写入配置(custom.ini)文件成功
[2018-12-19 11:02:43] INFO [utils.config_log:192] 用户：管理员(BSSA) 登陆成功！
[2018-12-19 11:05:09] INFO [utils.config_log:23] 程序启动......
[2018-12-19 11:05:09] INFO [utils.config_log:25] 读取配置(mztj.ini)文件成功
[2018-12-19 11:05:09] INFO [utils.config_log:27] 读取配置(parse.ini)文件成功
[2018-12-19 11:05:09] INFO [utils.config_log:29] 读取配置(custom.ini)文件成功
[2018-12-19 11:05:09] INFO [utils.config_log:31] 读取配置(version.ini)文件成功
[2018-12-19 11:05:09] INFO [utils.config_log:33] 读取配置(database.ini)文件成功
[2018-12-19 11:05:14] INFO [utils.config_log:191] 写入配置(custom.ini)文件成功
[2018-12-19 11:05:14] INFO [utils.config_log:192] 用户：管理员(BSSA) 登陆成功！
[2018-12-19 11:08:36] INFO [utils.config_log:23] 程序启动......
[2018-12-19 11:08:36] INFO [utils.config_log:25] 读取配置(mztj.ini)文件成功
[2018-12-19 11:08:36] INFO [utils.config_log:27] 读取配置(parse.ini)文件成功
[2018-12-19 11:08:36] INFO [utils.config_log:29] 读取配置(custom.ini)文件成功
[2018-12-19 11:08:36] INFO [utils.config_log:31] 读取配置(version.ini)文件成功
[2018-12-19 11:08:36] INFO [utils.config_log:33] 读取配置(database.ini)文件成功
[2018-12-19 11:08:40] INFO [utils.config_log:191] 写入配置(custom.ini)文件成功
[2018-12-19 11:08:40] INFO [utils.config_log:192] 用户：管理员(BSSA) 登陆成功！
[2018-12-19 13:04:31] INFO [utils.config_log:23] 程序启动......
[2018-12-19 13:04:32] INFO [utils.config_log:25] 读取配置(mztj.ini)文件成功
[2018-12-19 13:04:32] INFO [utils.config_log:27] 读取配置(parse.ini)文件成功
[2018-12-19 13:04:32] INFO [utils.config_log:29] 读取配置(custom.ini)文件成功
[2018-12-19 13:04:32] INFO [utils.config_log:31] 读取配置(version.ini)文件成功
[2018-12-19 13:04:32] INFO [utils.config_log:33] 读取配置(database.ini)文件成功
[2018-12-19 13:04:32] INFO [utils.config_log:111] 准备更新程序，启动更新进程！
[2018-12-19 13:04:44] INFO [utils.config_log:23] 程序启动......
[2018-12-19 13:04:44] INFO [utils.config_log:25] 读取配置(mztj.ini)文件成功
[2018-12-19 13:04:44] INFO [utils.config_log:27] 读取配置(parse.ini)文件成功
[2018-12-19 13:04:44] INFO [utils.config_log:29] 读取配置(custom.ini)文件成功
[2018-12-19 13:04:44] INFO [utils.config_log:31] 读取配置(version.ini)文件成功
[2018-12-19 13:04:44] INFO [utils.config_log:33] 读取配置(database.ini)文件成功
[2018-12-19 13:04:44] INFO [utils.config_log:111] 准备更新程序，启动更新进程！
[2018-12-19 13:05:25] INFO [utils.config_log:23] 程序启动......
[2018-12-19 13:05:25] INFO [utils.config_log:25] 读取配置(mztj.ini)文件成功
[2018-12-19 13:05:25] INFO [utils.config_log:27] 读取配置(parse.ini)文件成功
[2018-12-19 13:05:25] INFO [utils.config_log:29] 读取配置(custom.ini)文件成功
[2018-12-19 13:05:25] INFO [utils.config_log:31] 读取配置(version.ini)文件成功
[2018-12-19 13:05:25] INFO [utils.config_log:33] 读取配置(database.ini)文件成功
[2018-12-19 13:05:30] INFO [utils.config_log:191] 写入配置(custom.ini)文件成功
[2018-12-19 13:05:30] INFO [utils.config_log:192] 用户：管理员(BSSA) 登陆成功！
